18:42:02.544  INFO  manager.ApplicationManager - All tests start in Chrome Browser
18:42:04.563  INFO  manager.ApplicationManager - Current url --> https://telranedu.web.app/home
18:42:04.569  INFO  manager.ListenerTNG - onStart --->Nopackage
18:42:04.591  INFO  tests.TestBase - The name of the starts method is --->loginWrongEmail
18:42:04.592  INFO  manager.ListenerTNG - onTestStart --->loginWrongEmail
18:42:04.593  INFO  manager.ListenerWD - Before find element --> By.cssSelector: a[href='/login']
18:42:04.672  INFO  manager.ListenerWD - After find element --> By.cssSelector: a[href='/login']
18:42:05.174  INFO  tests.TestBase - Login with invalid data: pokh1i.ua  &  Yyp12345!
18:42:05.174  INFO  manager.ListenerWD - Before find element --> By.name: email
18:42:05.219  INFO  manager.ListenerWD - After find element --> By.name: email
18:42:05.816  INFO  manager.ListenerWD - Before find element --> By.name: password
18:42:05.839  INFO  manager.ListenerWD - After find element --> By.name: password
18:42:06.001  INFO  manager.ListenerWD - Before find element --> By.cssSelector: [name='login']
18:42:06.018  INFO  manager.ListenerWD - After find element --> By.cssSelector: [name='login']
18:42:06.101  INFO  manager.ListenerWD - Before find elements --> By.xpath: //button[text()='Sign Out']
18:42:07.233  INFO  manager.ListenerWD - After find elements --> By.xpath: //button[text()='Sign Out']
18:42:07.235  INFO  manager.ListenerWD - List suze is --> 0
18:42:07.257  INFO  tests.TestBase - Test success
18:42:07.258  INFO  manager.ListenerTNG - onTestSuccessloginWrongEmail
18:42:07.261  INFO  tests.TestBase - The name of the starts method is --->registrationSuccess
18:42:07.262  INFO  manager.ListenerTNG - onTestStart --->registrationSuccess
18:42:07.266  INFO  manager.ListenerWD - Before find element --> By.cssSelector: a[href='/login']
18:42:07.295  INFO  manager.ListenerWD - After find element --> By.cssSelector: a[href='/login']
18:42:07.345  INFO  manager.ListenerWD - Before find element --> By.name: email
18:42:07.363  INFO  manager.ListenerWD - After find element --> By.name: email
18:42:07.596  INFO  manager.ListenerWD - Before find element --> By.name: password
18:42:07.614  INFO  manager.ListenerWD - After find element --> By.name: password
18:42:07.865  INFO  manager.ListenerWD - Before find element --> By.cssSelector: [name='registration']
18:42:07.883  INFO  manager.ListenerWD - After find element --> By.cssSelector: [name='registration']
18:42:07.960  INFO  manager.ListenerWD - Before find elements --> By.xpath: //button[text()='Sign Out']
18:42:08.713  INFO  manager.ListenerWD - After find elements --> By.xpath: //button[text()='Sign Out']
18:42:08.714  INFO  manager.ListenerWD - List suze is --> 1
18:42:08.714  INFO  manager.ListenerTNG - onTestSuccessregistrationSuccess
18:42:08.716  INFO  tests.TestBase - The name of the starts method is --->addContactTestFailWithoutName
18:42:08.717  INFO  manager.ListenerWD - Before find elements --> By.xpath: //button[text()='Sign Out']
18:42:08.729  INFO  manager.ListenerWD - After find elements --> By.xpath: //button[text()='Sign Out']
18:42:08.729  INFO  manager.ListenerWD - List suze is --> 1
18:42:08.729  INFO  manager.ListenerTNG - onTestStart --->addContactTestFailWithoutName
18:42:11.743  INFO  manager.ListenerWD - Before find element --> By.cssSelector: [href='/add']
18:42:11.765  INFO  manager.ListenerWD - After find element --> By.cssSelector: [href='/add']
18:42:12.302  INFO  manager.ListenerWD - Before find element --> By.cssSelector: input[placeholder='Name']
18:42:12.318  INFO  manager.ListenerWD - After find element --> By.cssSelector: input[placeholder='Name']
18:42:12.426  INFO  manager.ListenerWD - Before find element --> By.cssSelector: input[placeholder='Last Name']
18:42:12.439  INFO  manager.ListenerWD - After find element --> By.cssSelector: input[placeholder='Last Name']
18:42:12.514  INFO  manager.ListenerWD - Before find element --> By.cssSelector: input[placeholder='Phone']
18:42:12.526  INFO  manager.ListenerWD - After find element --> By.cssSelector: input[placeholder='Phone']
18:42:12.616  INFO  manager.ListenerWD - Before find element --> By.cssSelector: input[placeholder='email']
18:42:12.630  INFO  manager.ListenerWD - After find element --> By.cssSelector: input[placeholder='email']
18:42:12.811  INFO  manager.ListenerWD - Before find element --> By.cssSelector: input[placeholder='Address']
18:42:12.827  INFO  manager.ListenerWD - After find element --> By.cssSelector: input[placeholder='Address']
18:42:13.341  INFO  manager.ListenerWD - Before find element --> By.cssSelector: input[placeholder='description']
18:42:13.356  INFO  manager.ListenerWD - After find element --> By.cssSelector: input[placeholder='description']
18:42:13.505  INFO  manager.ListenerWD - Before find elements --> By.cssSelector: a.active[href='/add']
18:42:13.549  INFO  manager.ListenerWD - After find elements --> By.cssSelector: a.active[href='/add']
18:42:13.549  INFO  manager.ListenerWD - List suze is --> 1
18:42:13.549  INFO  manager.ListenerTNG - onTestSuccessaddContactTestFailWithoutName
18:42:13.550  INFO  manager.ListenerTNG - onFinish --->Nopackage
