22:36:15.649  INFO  manager.ApplicationManager - All tests start in Chrome Browser
22:36:17.519  INFO  manager.ApplicationManager - Current url --> https://telranedu.web.app/home
22:36:17.521  INFO  manager.ListenerTNG - onStart --->Gradle test
22:36:17.537  INFO  tests.TestBase - The name of the starts method is --->loginWrongEmail
22:36:17.538  INFO  manager.ListenerWD - Before find element --> By.xpath: //button[text()='Sign Out']
22:36:22.586  INFO  manager.ListenerWD - The have a 'problem'
22:36:22.586  INFO  manager.ListenerWD - ******************
22:36:22.587  INFO  manager.ListenerWD - Method method ---> findElement
22:36:22.587  INFO  manager.ListenerWD - ******************
22:36:22.588  INFO  manager.ListenerWD - InvocationTargetException getTargetException()org.openqa.selenium.NoSuchElementException: no such element: Unable to locate element: {"method":"xpath","selector":"//button[text()='Sign Out']"}
  (Session info: chrome=109.0.5414.119)
For documentation on this error, please visit: https://selenium.dev/exceptions/#no_such_element
Build info: version: '4.7.1', revision: 'c6795baf1a3'
System info: os.name: 'Mac OS X', os.arch: 'aarch64', os.version: '13.0.1', java.version: '11.0.17'
Driver info: org.openqa.selenium.chrome.ChromeDriver
Command: [c09275c895c60b1721526a08cee20853, findElement {using=xpath, value=//button[text()='Sign Out']}]
Capabilities {acceptInsecureCerts: false, browserName: chrome, browserVersion: 109.0.5414.119, chrome: {chromedriverVersion: 109.0.5414.74 (e7c5703604da..., userDataDir: /var/folders/_h/0pcbs0gj1fd...}, goog:chromeOptions: {debuggerAddress: localhost:64785}, networkConnectionEnabled: false, pageLoadStrategy: normal, platformName: MAC, proxy: Proxy(), se:cdp: ws://localhost:64785/devtoo..., se:cdpVersion: 109.0.5414.119, setWindowRect: true, strictFileInteractability: false, timeouts: {implicit: 0, pageLoad: 300000, script: 30000}, unhandledPromptBehavior: dismiss and notify, webauthn:extension:credBlob: true, webauthn:extension:largeBlob: true, webauthn:virtualAuthenticators: true}
Session ID: c09275c895c60b1721526a08cee20853
22:36:22.588  INFO  manager.ListenerWD - ******************
22:36:22.589  INFO  manager.ListenerWD - Object target --->ChromeDriver: chrome on MAC (c09275c895c60b1721526a08cee20853)
22:36:22.589  INFO  manager.ListenerWD - ******************
22:36:22.593  INFO  manager.ListenerWD - Screen with error is --->src/test/screenshots/screen-787.png
22:36:23.654  INFO  tests.TestBase - Logout success
22:36:23.655  INFO  manager.ListenerTNG - onTestStart --->loginWrongEmail
22:36:23.656  INFO  manager.ListenerWD - Before find element --> By.cssSelector: a[href='/login']
22:36:23.682  INFO  manager.ListenerWD - After find element --> By.cssSelector: a[href='/login']
22:36:24.137  INFO  tests.TestBase - Login with valid data: pokh1i.ua  &  Yyp12345!
22:36:24.138  INFO  manager.ListenerWD - Before find element --> By.name: email
22:36:24.173  INFO  manager.ListenerWD - After find element --> By.name: email
22:36:24.706  INFO  manager.ListenerWD - Before find element --> By.name: password
22:36:24.745  INFO  manager.ListenerWD - After find element --> By.name: password
22:36:24.875  INFO  manager.ListenerWD - Before find element --> By.cssSelector: [name='login']
22:36:24.891  INFO  manager.ListenerWD - After find element --> By.cssSelector: [name='login']
22:36:25.470  INFO  manager.ListenerWD - Before find element --> By.xpath: //button[text()='Sign Out']
22:36:26.144  INFO  manager.ListenerWD - The have a 'problem'
22:36:26.144  INFO  manager.ListenerWD - ******************
22:36:26.144  INFO  manager.ListenerWD - Method method ---> findElement
22:36:26.144  INFO  manager.ListenerWD - ******************
22:36:26.146  INFO  manager.ListenerWD - InvocationTargetException getTargetException()org.openqa.selenium.NoSuchElementException: Unable to find element with locator By.xpath: //button[text()='Sign Out']
For documentation on this error, please visit: https://selenium.dev/exceptions/#no_such_element
Build info: version: '4.7.1', revision: 'c6795baf1a3'
System info: os.name: 'Mac OS X', os.arch: 'aarch64', os.version: '13.0.1', java.version: '11.0.17'
Driver info: driver.version: RemoteWebDriver
22:36:26.146  INFO  manager.ListenerWD - ******************
22:36:26.146  INFO  manager.ListenerWD - Object target --->ChromeDriver: chrome on MAC (c09275c895c60b1721526a08cee20853)
22:36:26.146  INFO  manager.ListenerWD - ******************
22:36:26.146  INFO  manager.ListenerWD - Screen with error is --->src/test/screenshots/screen-268.png
22:36:26.188  INFO  manager.ListenerWD - The have a 'problem'
22:36:26.188  INFO  manager.ListenerWD - ******************
22:36:26.188  INFO  manager.ListenerWD - Method method ---> alert
22:36:26.188  INFO  manager.ListenerWD - ******************
22:36:26.188  INFO  manager.ListenerWD - InvocationTargetException getTargetException()org.openqa.selenium.NoAlertPresentException: no such alert
  (Session info: chrome=109.0.5414.119)
Build info: version: '4.7.1', revision: 'c6795baf1a3'
System info: os.name: 'Mac OS X', os.arch: 'aarch64', os.version: '13.0.1', java.version: '11.0.17'
Driver info: org.openqa.selenium.chrome.ChromeDriver
Command: [c09275c895c60b1721526a08cee20853, getAlertText {}]
Capabilities {acceptInsecureCerts: false, browserName: chrome, browserVersion: 109.0.5414.119, chrome: {chromedriverVersion: 109.0.5414.74 (e7c5703604da..., userDataDir: /var/folders/_h/0pcbs0gj1fd...}, goog:chromeOptions: {debuggerAddress: localhost:64785}, networkConnectionEnabled: false, pageLoadStrategy: normal, platformName: MAC, proxy: Proxy(), se:cdp: ws://localhost:64785/devtoo..., se:cdpVersion: 109.0.5414.119, setWindowRect: true, strictFileInteractability: false, timeouts: {implicit: 0, pageLoad: 300000, script: 30000}, unhandledPromptBehavior: dismiss and notify, webauthn:extension:credBlob: true, webauthn:extension:largeBlob: true, webauthn:virtualAuthenticators: true}
Session ID: c09275c895c60b1721526a08cee20853
22:36:26.189  INFO  manager.ListenerWD - ******************
22:36:26.189  INFO  manager.ListenerWD - Object target --->org.openqa.selenium.remote.RemoteWebDriver$RemoteTargetLocator@78d71df1
22:36:26.189  INFO  manager.ListenerWD - ******************
22:36:26.704  INFO  manager.ListenerWD - The have a 'problem'
22:36:26.705  INFO  manager.ListenerWD - ******************
22:36:26.705  INFO  manager.ListenerWD - Method method ---> alert
22:36:26.705  INFO  manager.ListenerWD - ******************
22:36:26.705  INFO  manager.ListenerWD - InvocationTargetException getTargetException()org.openqa.selenium.NoAlertPresentException: no such alert
  (Session info: chrome=109.0.5414.119)
Build info: version: '4.7.1', revision: 'c6795baf1a3'
System info: os.name: 'Mac OS X', os.arch: 'aarch64', os.version: '13.0.1', java.version: '11.0.17'
Driver info: org.openqa.selenium.chrome.ChromeDriver
Command: [c09275c895c60b1721526a08cee20853, getAlertText {}]
Capabilities {acceptInsecureCerts: false, browserName: chrome, browserVersion: 109.0.5414.119, chrome: {chromedriverVersion: 109.0.5414.74 (e7c5703604da..., userDataDir: /var/folders/_h/0pcbs0gj1fd...}, goog:chromeOptions: {debuggerAddress: localhost:64785}, networkConnectionEnabled: false, pageLoadStrategy: normal, platformName: MAC, proxy: Proxy(), se:cdp: ws://localhost:64785/devtoo..., se:cdpVersion: 109.0.5414.119, setWindowRect: true, strictFileInteractability: false, timeouts: {implicit: 0, pageLoad: 300000, script: 30000}, unhandledPromptBehavior: dismiss and notify, webauthn:extension:credBlob: true, webauthn:extension:largeBlob: true, webauthn:virtualAuthenticators: true}
Session ID: c09275c895c60b1721526a08cee20853
22:36:26.705  INFO  manager.ListenerWD - ******************
22:36:26.705  INFO  manager.ListenerWD - Object target --->org.openqa.selenium.remote.RemoteWebDriver$RemoteTargetLocator@3b332962
22:36:26.705  INFO  manager.ListenerWD - ******************
22:36:27.221  INFO  manager.ListenerWD - The have a 'problem'
22:36:27.221  INFO  manager.ListenerWD - ******************
22:36:27.221  INFO  manager.ListenerWD - Method method ---> alert
22:36:27.221  INFO  manager.ListenerWD - ******************
22:36:27.221  INFO  manager.ListenerWD - InvocationTargetException getTargetException()org.openqa.selenium.NoAlertPresentException: no such alert
  (Session info: chrome=109.0.5414.119)
Build info: version: '4.7.1', revision: 'c6795baf1a3'
System info: os.name: 'Mac OS X', os.arch: 'aarch64', os.version: '13.0.1', java.version: '11.0.17'
Driver info: org.openqa.selenium.chrome.ChromeDriver
Command: [c09275c895c60b1721526a08cee20853, getAlertText {}]
Capabilities {acceptInsecureCerts: false, browserName: chrome, browserVersion: 109.0.5414.119, chrome: {chromedriverVersion: 109.0.5414.74 (e7c5703604da..., userDataDir: /var/folders/_h/0pcbs0gj1fd...}, goog:chromeOptions: {debuggerAddress: localhost:64785}, networkConnectionEnabled: false, pageLoadStrategy: normal, platformName: MAC, proxy: Proxy(), se:cdp: ws://localhost:64785/devtoo..., se:cdpVersion: 109.0.5414.119, setWindowRect: true, strictFileInteractability: false, timeouts: {implicit: 0, pageLoad: 300000, script: 30000}, unhandledPromptBehavior: dismiss and notify, webauthn:extension:credBlob: true, webauthn:extension:largeBlob: true, webauthn:virtualAuthenticators: true}
Session ID: c09275c895c60b1721526a08cee20853
22:36:27.222  INFO  manager.ListenerWD - ******************
22:36:27.222  INFO  manager.ListenerWD - Object target --->org.openqa.selenium.remote.RemoteWebDriver$RemoteTargetLocator@3596b249
22:36:27.222  INFO  manager.ListenerWD - ******************
22:36:27.747  INFO  manager.ListenerWD - The have a 'problem'
22:36:27.748  INFO  manager.ListenerWD - ******************
22:36:27.748  INFO  manager.ListenerWD - Method method ---> alert
22:36:27.748  INFO  manager.ListenerWD - ******************
22:36:27.748  INFO  manager.ListenerWD - InvocationTargetException getTargetException()org.openqa.selenium.NoAlertPresentException: no such alert
  (Session info: chrome=109.0.5414.119)
Build info: version: '4.7.1', revision: 'c6795baf1a3'
System info: os.name: 'Mac OS X', os.arch: 'aarch64', os.version: '13.0.1', java.version: '11.0.17'
Driver info: org.openqa.selenium.chrome.ChromeDriver
Command: [c09275c895c60b1721526a08cee20853, getAlertText {}]
Capabilities {acceptInsecureCerts: false, browserName: chrome, browserVersion: 109.0.5414.119, chrome: {chromedriverVersion: 109.0.5414.74 (e7c5703604da..., userDataDir: /var/folders/_h/0pcbs0gj1fd...}, goog:chromeOptions: {debuggerAddress: localhost:64785}, networkConnectionEnabled: false, pageLoadStrategy: normal, platformName: MAC, proxy: Proxy(), se:cdp: ws://localhost:64785/devtoo..., se:cdpVersion: 109.0.5414.119, setWindowRect: true, strictFileInteractability: false, timeouts: {implicit: 0, pageLoad: 300000, script: 30000}, unhandledPromptBehavior: dismiss and notify, webauthn:extension:credBlob: true, webauthn:extension:largeBlob: true, webauthn:virtualAuthenticators: true}
Session ID: c09275c895c60b1721526a08cee20853
22:36:27.749  INFO  manager.ListenerWD - ******************
22:36:27.749  INFO  manager.ListenerWD - Object target --->org.openqa.selenium.remote.RemoteWebDriver$RemoteTargetLocator@4e224df5
22:36:27.749  INFO  manager.ListenerWD - ******************
22:36:28.271  INFO  manager.ListenerWD - The have a 'problem'
22:36:28.272  INFO  manager.ListenerWD - ******************
22:36:28.272  INFO  manager.ListenerWD - Method method ---> alert
22:36:28.272  INFO  manager.ListenerWD - ******************
22:36:28.272  INFO  manager.ListenerWD - InvocationTargetException getTargetException()org.openqa.selenium.NoAlertPresentException: no such alert
  (Session info: chrome=109.0.5414.119)
Build info: version: '4.7.1', revision: 'c6795baf1a3'
System info: os.name: 'Mac OS X', os.arch: 'aarch64', os.version: '13.0.1', java.version: '11.0.17'
Driver info: org.openqa.selenium.chrome.ChromeDriver
Command: [c09275c895c60b1721526a08cee20853, getAlertText {}]
Capabilities {acceptInsecureCerts: false, browserName: chrome, browserVersion: 109.0.5414.119, chrome: {chromedriverVersion: 109.0.5414.74 (e7c5703604da..., userDataDir: /var/folders/_h/0pcbs0gj1fd...}, goog:chromeOptions: {debuggerAddress: localhost:64785}, networkConnectionEnabled: false, pageLoadStrategy: normal, platformName: MAC, proxy: Proxy(), se:cdp: ws://localhost:64785/devtoo..., se:cdpVersion: 109.0.5414.119, setWindowRect: true, strictFileInteractability: false, timeouts: {implicit: 0, pageLoad: 300000, script: 30000}, unhandledPromptBehavior: dismiss and notify, webauthn:extension:credBlob: true, webauthn:extension:largeBlob: true, webauthn:virtualAuthenticators: true}
Session ID: c09275c895c60b1721526a08cee20853
22:36:28.273  INFO  manager.ListenerWD - ******************
22:36:28.273  INFO  manager.ListenerWD - Object target --->org.openqa.selenium.remote.RemoteWebDriver$RemoteTargetLocator@4116f66a
22:36:28.273  INFO  manager.ListenerWD - ******************
22:36:28.797  INFO  manager.ListenerWD - The have a 'problem'
22:36:28.797  INFO  manager.ListenerWD - ******************
22:36:28.797  INFO  manager.ListenerWD - Method method ---> alert
22:36:28.797  INFO  manager.ListenerWD - ******************
22:36:28.797  INFO  manager.ListenerWD - InvocationTargetException getTargetException()org.openqa.selenium.NoAlertPresentException: no such alert
  (Session info: chrome=109.0.5414.119)
Build info: version: '4.7.1', revision: 'c6795baf1a3'
System info: os.name: 'Mac OS X', os.arch: 'aarch64', os.version: '13.0.1', java.version: '11.0.17'
Driver info: org.openqa.selenium.chrome.ChromeDriver
Command: [c09275c895c60b1721526a08cee20853, getAlertText {}]
Capabilities {acceptInsecureCerts: false, browserName: chrome, browserVersion: 109.0.5414.119, chrome: {chromedriverVersion: 109.0.5414.74 (e7c5703604da..., userDataDir: /var/folders/_h/0pcbs0gj1fd...}, goog:chromeOptions: {debuggerAddress: localhost:64785}, networkConnectionEnabled: false, pageLoadStrategy: normal, platformName: MAC, proxy: Proxy(), se:cdp: ws://localhost:64785/devtoo..., se:cdpVersion: 109.0.5414.119, setWindowRect: true, strictFileInteractability: false, timeouts: {implicit: 0, pageLoad: 300000, script: 30000}, unhandledPromptBehavior: dismiss and notify, webauthn:extension:credBlob: true, webauthn:extension:largeBlob: true, webauthn:virtualAuthenticators: true}
Session ID: c09275c895c60b1721526a08cee20853
22:36:28.797  INFO  manager.ListenerWD - ******************
22:36:28.797  INFO  manager.ListenerWD - Object target --->org.openqa.selenium.remote.RemoteWebDriver$RemoteTargetLocator@91f565d
22:36:28.798  INFO  manager.ListenerWD - ******************
22:36:29.320  INFO  manager.ListenerWD - The have a 'problem'
22:36:29.321  INFO  manager.ListenerWD - ******************
22:36:29.321  INFO  manager.ListenerWD - Method method ---> alert
22:36:29.321  INFO  manager.ListenerWD - ******************
22:36:29.321  INFO  manager.ListenerWD - InvocationTargetException getTargetException()org.openqa.selenium.NoAlertPresentException: no such alert
  (Session info: chrome=109.0.5414.119)
Build info: version: '4.7.1', revision: 'c6795baf1a3'
System info: os.name: 'Mac OS X', os.arch: 'aarch64', os.version: '13.0.1', java.version: '11.0.17'
Driver info: org.openqa.selenium.chrome.ChromeDriver
Command: [c09275c895c60b1721526a08cee20853, getAlertText {}]
Capabilities {acceptInsecureCerts: false, browserName: chrome, browserVersion: 109.0.5414.119, chrome: {chromedriverVersion: 109.0.5414.74 (e7c5703604da..., userDataDir: /var/folders/_h/0pcbs0gj1fd...}, goog:chromeOptions: {debuggerAddress: localhost:64785}, networkConnectionEnabled: false, pageLoadStrategy: normal, platformName: MAC, proxy: Proxy(), se:cdp: ws://localhost:64785/devtoo..., se:cdpVersion: 109.0.5414.119, setWindowRect: true, strictFileInteractability: false, timeouts: {implicit: 0, pageLoad: 300000, script: 30000}, unhandledPromptBehavior: dismiss and notify, webauthn:extension:credBlob: true, webauthn:extension:largeBlob: true, webauthn:virtualAuthenticators: true}
Session ID: c09275c895c60b1721526a08cee20853
22:36:29.321  INFO  manager.ListenerWD - ******************
22:36:29.321  INFO  manager.ListenerWD - Object target --->org.openqa.selenium.remote.RemoteWebDriver$RemoteTargetLocator@3fa21d49
22:36:29.322  INFO  manager.ListenerWD - ******************
22:36:29.835  INFO  manager.ListenerWD - The have a 'problem'
22:36:29.837  INFO  manager.ListenerWD - ******************
22:36:29.837  INFO  manager.ListenerWD - Method method ---> alert
22:36:29.837  INFO  manager.ListenerWD - ******************
22:36:29.837  INFO  manager.ListenerWD - InvocationTargetException getTargetException()org.openqa.selenium.NoAlertPresentException: no such alert
  (Session info: chrome=109.0.5414.119)
Build info: version: '4.7.1', revision: 'c6795baf1a3'
System info: os.name: 'Mac OS X', os.arch: 'aarch64', os.version: '13.0.1', java.version: '11.0.17'
Driver info: org.openqa.selenium.chrome.ChromeDriver
Command: [c09275c895c60b1721526a08cee20853, getAlertText {}]
Capabilities {acceptInsecureCerts: false, browserName: chrome, browserVersion: 109.0.5414.119, chrome: {chromedriverVersion: 109.0.5414.74 (e7c5703604da..., userDataDir: /var/folders/_h/0pcbs0gj1fd...}, goog:chromeOptions: {debuggerAddress: localhost:64785}, networkConnectionEnabled: false, pageLoadStrategy: normal, platformName: MAC, proxy: Proxy(), se:cdp: ws://localhost:64785/devtoo..., se:cdpVersion: 109.0.5414.119, setWindowRect: true, strictFileInteractability: false, timeouts: {implicit: 0, pageLoad: 300000, script: 30000}, unhandledPromptBehavior: dismiss and notify, webauthn:extension:credBlob: true, webauthn:extension:largeBlob: true, webauthn:virtualAuthenticators: true}
Session ID: c09275c895c60b1721526a08cee20853
22:36:29.838  INFO  manager.ListenerWD - ******************
22:36:29.838  INFO  manager.ListenerWD - Object target --->org.openqa.selenium.remote.RemoteWebDriver$RemoteTargetLocator@72a2312e
22:36:29.838  INFO  manager.ListenerWD - ******************
22:36:30.351  INFO  manager.ListenerWD - The have a 'problem'
22:36:30.351  INFO  manager.ListenerWD - ******************
22:36:30.351  INFO  manager.ListenerWD - Method method ---> alert
22:36:30.351  INFO  manager.ListenerWD - ******************
22:36:30.352  INFO  manager.ListenerWD - InvocationTargetException getTargetException()org.openqa.selenium.NoAlertPresentException: no such alert
  (Session info: chrome=109.0.5414.119)
Build info: version: '4.7.1', revision: 'c6795baf1a3'
System info: os.name: 'Mac OS X', os.arch: 'aarch64', os.version: '13.0.1', java.version: '11.0.17'
Driver info: org.openqa.selenium.chrome.ChromeDriver
Command: [c09275c895c60b1721526a08cee20853, getAlertText {}]
Capabilities {acceptInsecureCerts: false, browserName: chrome, browserVersion: 109.0.5414.119, chrome: {chromedriverVersion: 109.0.5414.74 (e7c5703604da..., userDataDir: /var/folders/_h/0pcbs0gj1fd...}, goog:chromeOptions: {debuggerAddress: localhost:64785}, networkConnectionEnabled: false, pageLoadStrategy: normal, platformName: MAC, proxy: Proxy(), se:cdp: ws://localhost:64785/devtoo..., se:cdpVersion: 109.0.5414.119, setWindowRect: true, strictFileInteractability: false, timeouts: {implicit: 0, pageLoad: 300000, script: 30000}, unhandledPromptBehavior: dismiss and notify, webauthn:extension:credBlob: true, webauthn:extension:largeBlob: true, webauthn:virtualAuthenticators: true}
Session ID: c09275c895c60b1721526a08cee20853
22:36:30.352  INFO  manager.ListenerWD - ******************
22:36:30.352  INFO  manager.ListenerWD - Object target --->org.openqa.selenium.remote.RemoteWebDriver$RemoteTargetLocator@2d0b05
22:36:30.352  INFO  manager.ListenerWD - ******************
22:36:30.874  INFO  manager.ListenerWD - The have a 'problem'
22:36:30.874  INFO  manager.ListenerWD - ******************
22:36:30.874  INFO  manager.ListenerWD - Method method ---> alert
22:36:30.874  INFO  manager.ListenerWD - ******************
22:36:30.874  INFO  manager.ListenerWD - InvocationTargetException getTargetException()org.openqa.selenium.NoAlertPresentException: no such alert
  (Session info: chrome=109.0.5414.119)
Build info: version: '4.7.1', revision: 'c6795baf1a3'
System info: os.name: 'Mac OS X', os.arch: 'aarch64', os.version: '13.0.1', java.version: '11.0.17'
Driver info: org.openqa.selenium.chrome.ChromeDriver
Command: [c09275c895c60b1721526a08cee20853, getAlertText {}]
Capabilities {acceptInsecureCerts: false, browserName: chrome, browserVersion: 109.0.5414.119, chrome: {chromedriverVersion: 109.0.5414.74 (e7c5703604da..., userDataDir: /var/folders/_h/0pcbs0gj1fd...}, goog:chromeOptions: {debuggerAddress: localhost:64785}, networkConnectionEnabled: false, pageLoadStrategy: normal, platformName: MAC, proxy: Proxy(), se:cdp: ws://localhost:64785/devtoo..., se:cdpVersion: 109.0.5414.119, setWindowRect: true, strictFileInteractability: false, timeouts: {implicit: 0, pageLoad: 300000, script: 30000}, unhandledPromptBehavior: dismiss and notify, webauthn:extension:credBlob: true, webauthn:extension:largeBlob: true, webauthn:virtualAuthenticators: true}
Session ID: c09275c895c60b1721526a08cee20853
22:36:30.874  INFO  manager.ListenerWD - ******************
22:36:30.874  INFO  manager.ListenerWD - Object target --->org.openqa.selenium.remote.RemoteWebDriver$RemoteTargetLocator@7a3269f5
22:36:30.875  INFO  manager.ListenerWD - ******************
22:36:31.390  INFO  manager.ListenerWD - The have a 'problem'
22:36:31.390  INFO  manager.ListenerWD - ******************
22:36:31.390  INFO  manager.ListenerWD - Method method ---> alert
22:36:31.391  INFO  manager.ListenerWD - ******************
22:36:31.391  INFO  manager.ListenerWD - InvocationTargetException getTargetException()org.openqa.selenium.NoAlertPresentException: no such alert
  (Session info: chrome=109.0.5414.119)
Build info: version: '4.7.1', revision: 'c6795baf1a3'
System info: os.name: 'Mac OS X', os.arch: 'aarch64', os.version: '13.0.1', java.version: '11.0.17'
Driver info: org.openqa.selenium.chrome.ChromeDriver
Command: [c09275c895c60b1721526a08cee20853, getAlertText {}]
Capabilities {acceptInsecureCerts: false, browserName: chrome, browserVersion: 109.0.5414.119, chrome: {chromedriverVersion: 109.0.5414.74 (e7c5703604da..., userDataDir: /var/folders/_h/0pcbs0gj1fd...}, goog:chromeOptions: {debuggerAddress: localhost:64785}, networkConnectionEnabled: false, pageLoadStrategy: normal, platformName: MAC, proxy: Proxy(), se:cdp: ws://localhost:64785/devtoo..., se:cdpVersion: 109.0.5414.119, setWindowRect: true, strictFileInteractability: false, timeouts: {implicit: 0, pageLoad: 300000, script: 30000}, unhandledPromptBehavior: dismiss and notify, webauthn:extension:credBlob: true, webauthn:extension:largeBlob: true, webauthn:virtualAuthenticators: true}
Session ID: c09275c895c60b1721526a08cee20853
22:36:31.391  INFO  manager.ListenerWD - ******************
22:36:31.391  INFO  manager.ListenerWD - Object target --->org.openqa.selenium.remote.RemoteWebDriver$RemoteTargetLocator@40113163
22:36:31.391  INFO  manager.ListenerWD - ******************
22:36:31.905  INFO  manager.ListenerWD - The have a 'problem'
22:36:31.906  INFO  manager.ListenerWD - ******************
22:36:31.906  INFO  manager.ListenerWD - Method method ---> alert
22:36:31.906  INFO  manager.ListenerWD - ******************
22:36:31.906  INFO  manager.ListenerWD - InvocationTargetException getTargetException()org.openqa.selenium.NoAlertPresentException: no such alert
  (Session info: chrome=109.0.5414.119)
Build info: version: '4.7.1', revision: 'c6795baf1a3'
System info: os.name: 'Mac OS X', os.arch: 'aarch64', os.version: '13.0.1', java.version: '11.0.17'
Driver info: org.openqa.selenium.chrome.ChromeDriver
Command: [c09275c895c60b1721526a08cee20853, getAlertText {}]
Capabilities {acceptInsecureCerts: false, browserName: chrome, browserVersion: 109.0.5414.119, chrome: {chromedriverVersion: 109.0.5414.74 (e7c5703604da..., userDataDir: /var/folders/_h/0pcbs0gj1fd...}, goog:chromeOptions: {debuggerAddress: localhost:64785}, networkConnectionEnabled: false, pageLoadStrategy: normal, platformName: MAC, proxy: Proxy(), se:cdp: ws://localhost:64785/devtoo..., se:cdpVersion: 109.0.5414.119, setWindowRect: true, strictFileInteractability: false, timeouts: {implicit: 0, pageLoad: 300000, script: 30000}, unhandledPromptBehavior: dismiss and notify, webauthn:extension:credBlob: true, webauthn:extension:largeBlob: true, webauthn:virtualAuthenticators: true}
Session ID: c09275c895c60b1721526a08cee20853
22:36:31.906  INFO  manager.ListenerWD - ******************
22:36:31.906  INFO  manager.ListenerWD - Object target --->org.openqa.selenium.remote.RemoteWebDriver$RemoteTargetLocator@23ed382c
22:36:31.906  INFO  manager.ListenerWD - ******************
22:36:32.425  INFO  manager.ListenerWD - The have a 'problem'
22:36:32.425  INFO  manager.ListenerWD - ******************
22:36:32.425  INFO  manager.ListenerWD - Method method ---> alert
22:36:32.425  INFO  manager.ListenerWD - ******************
22:36:32.425  INFO  manager.ListenerWD - InvocationTargetException getTargetException()org.openqa.selenium.NoAlertPresentException: no such alert
  (Session info: chrome=109.0.5414.119)
Build info: version: '4.7.1', revision: 'c6795baf1a3'
System info: os.name: 'Mac OS X', os.arch: 'aarch64', os.version: '13.0.1', java.version: '11.0.17'
Driver info: org.openqa.selenium.chrome.ChromeDriver
Command: [c09275c895c60b1721526a08cee20853, getAlertText {}]
Capabilities {acceptInsecureCerts: false, browserName: chrome, browserVersion: 109.0.5414.119, chrome: {chromedriverVersion: 109.0.5414.74 (e7c5703604da..., userDataDir: /var/folders/_h/0pcbs0gj1fd...}, goog:chromeOptions: {debuggerAddress: localhost:64785}, networkConnectionEnabled: false, pageLoadStrategy: normal, platformName: MAC, proxy: Proxy(), se:cdp: ws://localhost:64785/devtoo..., se:cdpVersion: 109.0.5414.119, setWindowRect: true, strictFileInteractability: false, timeouts: {implicit: 0, pageLoad: 300000, script: 30000}, unhandledPromptBehavior: dismiss and notify, webauthn:extension:credBlob: true, webauthn:extension:largeBlob: true, webauthn:virtualAuthenticators: true}
Session ID: c09275c895c60b1721526a08cee20853
22:36:32.425  INFO  manager.ListenerWD - ******************
22:36:32.425  INFO  manager.ListenerWD - Object target --->org.openqa.selenium.remote.RemoteWebDriver$RemoteTargetLocator@7df28f1
22:36:32.425  INFO  manager.ListenerWD - ******************
22:36:32.942  INFO  manager.ListenerWD - The have a 'problem'
22:36:32.943  INFO  manager.ListenerWD - ******************
22:36:32.943  INFO  manager.ListenerWD - Method method ---> alert
22:36:32.943  INFO  manager.ListenerWD - ******************
22:36:32.943  INFO  manager.ListenerWD - InvocationTargetException getTargetException()org.openqa.selenium.NoAlertPresentException: no such alert
  (Session info: chrome=109.0.5414.119)
Build info: version: '4.7.1', revision: 'c6795baf1a3'
System info: os.name: 'Mac OS X', os.arch: 'aarch64', os.version: '13.0.1', java.version: '11.0.17'
Driver info: org.openqa.selenium.chrome.ChromeDriver
Command: [c09275c895c60b1721526a08cee20853, getAlertText {}]
Capabilities {acceptInsecureCerts: false, browserName: chrome, browserVersion: 109.0.5414.119, chrome: {chromedriverVersion: 109.0.5414.74 (e7c5703604da..., userDataDir: /var/folders/_h/0pcbs0gj1fd...}, goog:chromeOptions: {debuggerAddress: localhost:64785}, networkConnectionEnabled: false, pageLoadStrategy: normal, platformName: MAC, proxy: Proxy(), se:cdp: ws://localhost:64785/devtoo..., se:cdpVersion: 109.0.5414.119, setWindowRect: true, strictFileInteractability: false, timeouts: {implicit: 0, pageLoad: 300000, script: 30000}, unhandledPromptBehavior: dismiss and notify, webauthn:extension:credBlob: true, webauthn:extension:largeBlob: true, webauthn:virtualAuthenticators: true}
Session ID: c09275c895c60b1721526a08cee20853
22:36:32.943  INFO  manager.ListenerWD - ******************
22:36:32.943  INFO  manager.ListenerWD - Object target --->org.openqa.selenium.remote.RemoteWebDriver$RemoteTargetLocator@516592b1
22:36:32.943  INFO  manager.ListenerWD - ******************
22:36:33.456  INFO  manager.ListenerWD - The have a 'problem'
22:36:33.456  INFO  manager.ListenerWD - ******************
22:36:33.456  INFO  manager.ListenerWD - Method method ---> alert
22:36:33.456  INFO  manager.ListenerWD - ******************
22:36:33.457  INFO  manager.ListenerWD - InvocationTargetException getTargetException()org.openqa.selenium.NoAlertPresentException: no such alert
  (Session info: chrome=109.0.5414.119)
Build info: version: '4.7.1', revision: 'c6795baf1a3'
System info: os.name: 'Mac OS X', os.arch: 'aarch64', os.version: '13.0.1', java.version: '11.0.17'
Driver info: org.openqa.selenium.chrome.ChromeDriver
Command: [c09275c895c60b1721526a08cee20853, getAlertText {}]
Capabilities {acceptInsecureCerts: false, browserName: chrome, browserVersion: 109.0.5414.119, chrome: {chromedriverVersion: 109.0.5414.74 (e7c5703604da..., userDataDir: /var/folders/_h/0pcbs0gj1fd...}, goog:chromeOptions: {debuggerAddress: localhost:64785}, networkConnectionEnabled: false, pageLoadStrategy: normal, platformName: MAC, proxy: Proxy(), se:cdp: ws://localhost:64785/devtoo..., se:cdpVersion: 109.0.5414.119, setWindowRect: true, strictFileInteractability: false, timeouts: {implicit: 0, pageLoad: 300000, script: 30000}, unhandledPromptBehavior: dismiss and notify, webauthn:extension:credBlob: true, webauthn:extension:largeBlob: true, webauthn:virtualAuthenticators: true}
Session ID: c09275c895c60b1721526a08cee20853
22:36:33.457  INFO  manager.ListenerWD - ******************
22:36:33.457  INFO  manager.ListenerWD - Object target --->org.openqa.selenium.remote.RemoteWebDriver$RemoteTargetLocator@38d08cb5
22:36:33.457  INFO  manager.ListenerWD - ******************
22:36:33.980  INFO  manager.ListenerWD - The have a 'problem'
22:36:33.980  INFO  manager.ListenerWD - ******************
22:36:33.980  INFO  manager.ListenerWD - Method method ---> alert
22:36:33.980  INFO  manager.ListenerWD - ******************
22:36:33.981  INFO  manager.ListenerWD - InvocationTargetException getTargetException()org.openqa.selenium.NoAlertPresentException: no such alert
  (Session info: chrome=109.0.5414.119)
Build info: version: '4.7.1', revision: 'c6795baf1a3'
System info: os.name: 'Mac OS X', os.arch: 'aarch64', os.version: '13.0.1', java.version: '11.0.17'
Driver info: org.openqa.selenium.chrome.ChromeDriver
Command: [c09275c895c60b1721526a08cee20853, getAlertText {}]
Capabilities {acceptInsecureCerts: false, browserName: chrome, browserVersion: 109.0.5414.119, chrome: {chromedriverVersion: 109.0.5414.74 (e7c5703604da..., userDataDir: /var/folders/_h/0pcbs0gj1fd...}, goog:chromeOptions: {debuggerAddress: localhost:64785}, networkConnectionEnabled: false, pageLoadStrategy: normal, platformName: MAC, proxy: Proxy(), se:cdp: ws://localhost:64785/devtoo..., se:cdpVersion: 109.0.5414.119, setWindowRect: true, strictFileInteractability: false, timeouts: {implicit: 0, pageLoad: 300000, script: 30000}, unhandledPromptBehavior: dismiss and notify, webauthn:extension:credBlob: true, webauthn:extension:largeBlob: true, webauthn:virtualAuthenticators: true}
Session ID: c09275c895c60b1721526a08cee20853
22:36:33.981  INFO  manager.ListenerWD - ******************
22:36:33.981  INFO  manager.ListenerWD - Object target --->org.openqa.selenium.remote.RemoteWebDriver$RemoteTargetLocator@270d43a7
22:36:33.981  INFO  manager.ListenerWD - ******************
22:36:34.495  INFO  manager.ListenerWD - The have a 'problem'
22:36:34.495  INFO  manager.ListenerWD - ******************
22:36:34.495  INFO  manager.ListenerWD - Method method ---> alert
22:36:34.495  INFO  manager.ListenerWD - ******************
22:36:34.495  INFO  manager.ListenerWD - InvocationTargetException getTargetException()org.openqa.selenium.NoAlertPresentException: no such alert
  (Session info: chrome=109.0.5414.119)
Build info: version: '4.7.1', revision: 'c6795baf1a3'
System info: os.name: 'Mac OS X', os.arch: 'aarch64', os.version: '13.0.1', java.version: '11.0.17'
Driver info: org.openqa.selenium.chrome.ChromeDriver
Command: [c09275c895c60b1721526a08cee20853, getAlertText {}]
Capabilities {acceptInsecureCerts: false, browserName: chrome, browserVersion: 109.0.5414.119, chrome: {chromedriverVersion: 109.0.5414.74 (e7c5703604da..., userDataDir: /var/folders/_h/0pcbs0gj1fd...}, goog:chromeOptions: {debuggerAddress: localhost:64785}, networkConnectionEnabled: false, pageLoadStrategy: normal, platformName: MAC, proxy: Proxy(), se:cdp: ws://localhost:64785/devtoo..., se:cdpVersion: 109.0.5414.119, setWindowRect: true, strictFileInteractability: false, timeouts: {implicit: 0, pageLoad: 300000, script: 30000}, unhandledPromptBehavior: dismiss and notify, webauthn:extension:credBlob: true, webauthn:extension:largeBlob: true, webauthn:virtualAuthenticators: true}
Session ID: c09275c895c60b1721526a08cee20853
22:36:34.495  INFO  manager.ListenerWD - ******************
22:36:34.495  INFO  manager.ListenerWD - Object target --->org.openqa.selenium.remote.RemoteWebDriver$RemoteTargetLocator@5d5a51b1
22:36:34.496  INFO  manager.ListenerWD - ******************
22:36:34.500  INFO  manager.ListenerTNG - onTestFailure --->loginWrongEmail
22:36:34.502  INFO  manager.ListenerTNG - onFinish --->Gradle test
