18:23:05.251  INFO  manager.ApplicationManager - All tests start in Firefox Browser
18:23:06.713  INFO  manager.ApplicationManager - Current url --> https://telranedu.web.app/home
18:23:06.715  INFO  manager.ListenerTNG - onStart --->Nopackage
18:23:06.729  INFO  tests.TestBase - The name of the starts method is --->registrationWrongEmail
18:23:06.730  INFO  manager.ListenerTNG - onTestStart --->registrationWrongEmail
18:23:06.731  INFO  manager.ListenerWD - Before find element --> By.cssSelector: a[href='/login']
18:23:06.759  INFO  manager.ListenerWD - After find element --> By.cssSelector: a[href='/login']
18:23:06.995  INFO  manager.ListenerWD - Before find element --> By.name: email
18:23:07.005  INFO  manager.ListenerWD - After find element --> By.name: email
18:23:07.241  INFO  manager.ListenerWD - Before find element --> By.name: password
18:23:07.251  INFO  manager.ListenerWD - After find element --> By.name: password
18:23:07.477  INFO  manager.ListenerWD - Before find element --> By.cssSelector: [name='registration']
18:23:07.486  INFO  manager.ListenerWD - After find element --> By.cssSelector: [name='registration']
18:23:07.703  INFO  manager.ListenerWD - Before find elements --> By.xpath: //button[text()='Sign Out']
18:23:08.432  INFO  manager.ListenerWD - We have a 'problem'
18:23:08.432  INFO  manager.ListenerWD - ******************
18:23:08.433  INFO  manager.ListenerWD - Method method ---> findElements
18:23:08.433  INFO  manager.ListenerWD - ******************
18:23:08.433  INFO  manager.ListenerWD - InvocationTargetException getTargetException()org.openqa.selenium.WebDriverException: Failed to interpret value as array
Build info: version: '4.7.1', revision: 'c6795baf1a3'
System info: os.name: 'Mac OS X', os.arch: 'aarch64', os.version: '13.0.1', java.version: '11.0.17'
Driver info: org.openqa.selenium.firefox.FirefoxDriver
Command: [e8aecdf2-e58a-4ec8-8979-cff8aae74047, findElements {using=xpath, value=//button[text()='Sign Out']}]
Capabilities {acceptInsecureCerts: true, browserName: firefox, browserVersion: 109.0.1, moz:accessibilityChecks: false, moz:buildID: 20230127170202, moz:debuggerAddress: 127.0.0.1:4591, moz:geckodriverVersion: 0.32.1, moz:headless: false, moz:platformVersion: 22.1.0, moz:processID: 72192, moz:profile: /var/folders/_h/0pcbs0gj1fd..., moz:shutdownTimeout: 60000, moz:useNonSpecCompliantPointerOrigin: false, moz:webdriverClick: true, moz:windowless: false, pageLoadStrategy: normal, platformName: MAC, proxy: Proxy(), se:cdp: ws://127.0.0.1:4591/devtool..., se:cdpVersion: 85.0, setWindowRect: true, strictFileInteractability: false, timeouts: {implicit: 0, pageLoad: 300000, script: 30000}, unhandledPromptBehavior: dismiss and notify}
Session ID: e8aecdf2-e58a-4ec8-8979-cff8aae74047
18:23:08.434  INFO  manager.ListenerWD - ******************
18:23:08.434  INFO  manager.ListenerWD - Object target --->FirefoxDriver: firefox on MAC (e8aecdf2-e58a-4ec8-8979-cff8aae74047)
18:23:08.434  INFO  manager.ListenerWD - ******************
18:23:08.482  INFO  manager.ListenerTNG - onTestFailure --->registrationWrongEmail
18:23:08.485  INFO  manager.ListenerTNG - onFinish --->Nopackage
