18:21:19.145  INFO  manager.ApplicationManager - All tests start in Firefox Browser
18:21:20.518  INFO  manager.ApplicationManager - Current url --> https://telranedu.web.app/home
18:21:20.526  INFO  manager.ListenerTNG - onStart --->Nopackage
18:21:20.553  INFO  tests.TestBase - The name of the starts method is --->registrationSuccess
18:21:20.554  INFO  manager.ListenerTNG - onTestStart --->registrationSuccess
18:21:20.559  INFO  manager.ListenerWD - Before find element --> By.cssSelector: a[href='/login']
18:21:20.585  INFO  manager.ListenerWD - After find element --> By.cssSelector: a[href='/login']
18:21:20.887  INFO  manager.ListenerWD - Before find element --> By.name: email
18:21:20.898  INFO  manager.ListenerWD - After find element --> By.name: email
18:21:21.140  INFO  manager.ListenerWD - Before find element --> By.name: password
18:21:21.151  INFO  manager.ListenerWD - After find element --> By.name: password
18:21:21.375  INFO  manager.ListenerWD - Before find element --> By.cssSelector: [name='registration']
18:21:21.384  INFO  manager.ListenerWD - After find element --> By.cssSelector: [name='registration']
18:21:21.602  INFO  manager.ListenerWD - Before find elements --> By.xpath: //button[text()='Sign Out']
18:21:22.346  INFO  manager.ListenerWD - We have a 'problem'
18:21:22.346  INFO  manager.ListenerWD - ******************
18:21:22.346  INFO  manager.ListenerWD - Method method ---> findElements
18:21:22.346  INFO  manager.ListenerWD - ******************
18:21:22.347  INFO  manager.ListenerWD - InvocationTargetException getTargetException()org.openqa.selenium.WebDriverException: Failed to interpret value as array
Build info: version: '4.7.1', revision: 'c6795baf1a3'
System info: os.name: 'Mac OS X', os.arch: 'aarch64', os.version: '13.0.1', java.version: '11.0.17'
Driver info: org.openqa.selenium.firefox.FirefoxDriver
Command: [4c434155-6955-4515-a81e-aba84fd789de, findElements {using=xpath, value=//button[text()='Sign Out']}]
Capabilities {acceptInsecureCerts: true, browserName: firefox, browserVersion: 109.0.1, moz:accessibilityChecks: false, moz:buildID: 20230127170202, moz:debuggerAddress: 127.0.0.1:5453, moz:geckodriverVersion: 0.32.1, moz:headless: false, moz:platformVersion: 22.1.0, moz:processID: 72140, moz:profile: /var/folders/_h/0pcbs0gj1fd..., moz:shutdownTimeout: 60000, moz:useNonSpecCompliantPointerOrigin: false, moz:webdriverClick: true, moz:windowless: false, pageLoadStrategy: normal, platformName: MAC, proxy: Proxy(), se:cdp: ws://127.0.0.1:5453/devtool..., se:cdpVersion: 85.0, setWindowRect: true, strictFileInteractability: false, timeouts: {implicit: 0, pageLoad: 300000, script: 30000}, unhandledPromptBehavior: dismiss and notify}
Session ID: 4c434155-6955-4515-a81e-aba84fd789de
18:21:22.347  INFO  manager.ListenerWD - ******************
18:21:22.347  INFO  manager.ListenerWD - Object target --->FirefoxDriver: firefox on MAC (4c434155-6955-4515-a81e-aba84fd789de)
18:21:22.347  INFO  manager.ListenerWD - ******************
18:21:22.383  INFO  manager.ListenerTNG - onTestFailure --->registrationSuccess
18:21:22.386  INFO  manager.ListenerTNG - onFinish --->Nopackage
